<?xml version="1.0" encoding="UTF-8"?>
<!-- Generated by org.testng.reporters.JUnitReportReporter -->
<testsuite hostname="DESKTOP-SIU3B7A" failures="0" tests="1" name="highLevelPrograms.B15_Frames" time="4.455" errors="0" timestamp="2024-05-25T16:35:09 IST" skipped="0">
  <testcase classname="highLevelPrograms.B15_Frames" name="clickable" time="4.455"/>
  <system-out/>
</testsuite> <!-- highLevelPrograms.B15_Frames -->
