<?xml version="1.0" encoding="UTF-8"?>
<!-- Generated by org.testng.reporters.JUnitReportReporter -->
<testsuite hostname="DESKTOP-SIU3B7A" failures="0" tests="1" name="basicPrograms9.A3_Popupwindow" time="28.580" errors="0" timestamp="2024-05-22T20:16:09 IST" skipped="0">
  <testcase classname="basicPrograms9.A3_Popupwindow" name="windowpopup" time="28.580"/>
  <system-out/>
</testsuite> <!-- basicPrograms9.A3_Popupwindow -->
