<?xml version="1.0" encoding="UTF-8"?>
<!-- Generated by org.testng.reporters.JUnitReportReporter -->
<testsuite hostname="DESKTOP-SIU3B7A" failures="0" tests="1" name="basicPrograms9.A7_INR_optionsvalidation" time="1.461" errors="0" timestamp="2024-05-23T07:35:49 IST" skipped="0">
  <testcase classname="basicPrograms9.A7_INR_optionsvalidation" name="options" time="1.461"/>
  <system-out/>
</testsuite> <!-- basicPrograms9.A7_INR_optionsvalidation -->
