<?xml version="1.0" encoding="UTF-8"?>
<!-- Generated by org.testng.reporters.JUnitReportReporter -->
<testsuite hostname="DESKTOP-SIU3B7A" failures="0" tests="1" name="basicPrograms9.A1_Alerts" time="5.207" errors="0" timestamp="2024-05-22T10:56:26 IST" skipped="0">
  <testcase classname="basicPrograms9.A1_Alerts" name="Alerthandling" time="5.207"/>
  <system-out/>
</testsuite> <!-- basicPrograms9.A1_Alerts -->
