<?xml version="1.0" encoding="UTF-8"?>
<!-- Generated by org.testng.reporters.JUnitReportReporter -->
<testsuite hostname="DESKTOP-SIU3B7A" failures="0" tests="1" name="highLevelPrograms.B17_AjaxControl" time="6.658" errors="0" timestamp="2024-05-27T15:48:08 IST" skipped="0">
  <testcase classname="highLevelPrograms.B17_AjaxControl" name="clickable" time="6.658"/>
  <system-out/>
</testsuite> <!-- highLevelPrograms.B17_AjaxControl -->
