<?xml version="1.0" encoding="UTF-8"?>
<!-- Generated by org.testng.reporters.JUnitReportReporter -->
<testsuite hostname="DESKTOP-SIU3B7A" failures="0" tests="1" name="highLevelPrograms.B14_FlipkartGeneric" time="23.287" errors="0" timestamp="2024-05-27T08:52:52 IST" skipped="0">
  <testcase classname="highLevelPrograms.B14_FlipkartGeneric" name="clickable" time="23.287"/>
  <system-out/>
</testsuite> <!-- highLevelPrograms.B14_FlipkartGeneric -->
