<?xml version="1.0" encoding="UTF-8"?>
<!-- Generated by org.testng.reporters.JUnitReportReporter -->
<testsuite hostname="DESKTOP-SIU3B7A" failures="0" tests="2" name="basicPrograms9.A6_Firstselectedoption" time="1.126" errors="0" timestamp="2024-05-24T15:00:24 IST" skipped="0">
  <testcase classname="basicPrograms9.A6_Firstselectedoption" name="options" time="0.602"/>
  <system-out/>
  <testcase classname="basicPrograms9.A6_Firstselectedoption" name="date" time="0.524"/>
  <system-out/>
</testsuite> <!-- basicPrograms9.A6_Firstselectedoption -->
