<?xml version="1.0" encoding="UTF-8"?>
<!-- Generated by org.testng.reporters.JUnitReportReporter -->
<testsuite hostname="DESKTOP-SIU3B7A" failures="0" tests="1" name="basicPrograms9.A2_MouseOverActions" time="12.877" errors="0" timestamp="2024-05-22T15:58:05 IST" skipped="0">
  <testcase classname="basicPrograms9.A2_MouseOverActions" name="mouseOver" time="12.877"/>
  <system-out/>
</testsuite> <!-- basicPrograms9.A2_MouseOverActions -->
