<?xml version="1.0" encoding="UTF-8"?>
<!-- Generated by org.testng.reporters.JUnitReportReporter -->
<testsuite hostname="DESKTOP-SIU3B7A" failures="0" tests="1" name="highLevelPrograms.B20_ScrollBar_Element" time="0.145" errors="0" timestamp="2024-05-27T08:54:44 IST" skipped="0">
  <testcase classname="highLevelPrograms.B20_ScrollBar_Element" name="Scrollflow" time="0.145"/>
  <system-out/>
</testsuite> <!-- highLevelPrograms.B20_ScrollBar_Element -->
