<?xml version="1.0" encoding="UTF-8"?>
<!-- Generated by org.testng.reporters.JUnitReportReporter -->
<testsuite hostname="DESKTOP-SIU3B7A" failures="0" tests="1" name="basicPrograms9.A5_Screenshot" time="8.818" errors="0" timestamp="2024-05-24T19:38:40 IST" skipped="0">
  <testcase classname="basicPrograms9.A5_Screenshot" name="alertscreen" time="8.818"/>
  <system-out/>
</testsuite> <!-- basicPrograms9.A5_Screenshot -->
