<?xml version="1.0" encoding="UTF-8"?>
<!-- Generated by org.testng.reporters.JUnitReportReporter -->
<testsuite hostname="DESKTOP-SIU3B7A" failures="0" tests="1" name="basicPrograms9.B11_Array" time="22.824" errors="0" timestamp="2024-05-25T09:41:30 IST" skipped="0">
  <testcase classname="basicPrograms9.B11_Array" name="functionality" time="22.824"/>
  <system-out/>
</testsuite> <!-- basicPrograms9.B11_Array -->
