<?xml version="1.0" encoding="UTF-8"?>
<!-- Generated by org.testng.reporters.JUnitReportReporter -->
<testsuite hostname="DESKTOP-SIU3B7A" failures="0" tests="3" name="basicPrograms9.A4_Information_Commands" time="0.270" errors="0" timestamp="2024-05-22T21:02:09 IST" skipped="0">
  <testcase classname="basicPrograms9.A4_Information_Commands" name="gmail" time="0.117"/>
  <system-out/>
  <testcase classname="basicPrograms9.A4_Information_Commands" name="gmail_Images" time="0.079"/>
  <system-out/>
  <testcase classname="basicPrograms9.A4_Information_Commands" name="googlesearch" time="0.074"/>
  <system-out/>
</testsuite> <!-- basicPrograms9.A4_Information_Commands -->
