<?xml version="1.0" encoding="UTF-8"?>
<!-- Generated by org.testng.reporters.JUnitReportReporter -->
<testsuite hostname="DESKTOP-SIU3B7A" failures="0" tests="1" name="basicPrograms9.A8_Boolean_Oneway" time="3.334" errors="0" timestamp="2024-05-23T09:37:40 IST" skipped="0">
  <testcase classname="basicPrograms9.A8_Boolean_Oneway" name="roundtrip" time="3.334"/>
  <system-out/>
</testsuite> <!-- basicPrograms9.A8_Boolean_Oneway -->
